<?xml version="1.0" encoding="UTF-8"?>
<testng-results ignored="0" total="1" passed="1" failed="0" skipped="0">
  <reporter-output>
  </reporter-output>
  <suite started-at="2022-12-19T12:28:18 IST" name="Default suite" finished-at="2022-12-19T12:29:50 IST" duration-ms="91529">
    <groups>
    </groups>
    <test started-at="2022-12-19T12:28:18 IST" name="Default test" finished-at="2022-12-19T12:29:50 IST" duration-ms="91529">
      <class name="com.db.testLayer.LoginTest">
        <test-method is-config="true" signature="strat()[pri:0, instance:com.db.testLayer.LoginTest@5876a9af]" started-at="2022-12-19T12:28:18 IST" name="strat" finished-at="2022-12-19T12:28:18 IST" duration-ms="147" status="PASS">
          <reporter-output>
          </reporter-output>
        </test-method> <!-- strat -->
        <test-method is-config="true" signature="setup()[pri:0, instance:com.db.testLayer.LoginTest@5876a9af]" started-at="2022-12-19T12:28:18 IST" name="setup" finished-at="2022-12-19T12:29:11 IST" duration-ms="53009" status="PASS">
          <reporter-output>
          </reporter-output>
        </test-method> <!-- setup -->
        <test-method signature="buyDemoBlaze()[pri:0, instance:com.db.testLayer.LoginTest@5876a9af]" started-at="2022-12-19T12:29:11 IST" name="buyDemoBlaze" finished-at="2022-12-19T12:29:50 IST" duration-ms="38337" status="PASS">
          <reporter-output>
          </reporter-output>
        </test-method> <!-- buyDemoBlaze -->
        <test-method is-config="true" signature="tearDown()[pri:0, instance:com.db.testLayer.LoginTest@5876a9af]" started-at="2022-12-19T12:29:50 IST" name="tearDown" finished-at="2022-12-19T12:29:50 IST" duration-ms="1" status="PASS">
          <reporter-output>
          </reporter-output>
        </test-method> <!-- tearDown -->
        <test-method is-config="true" signature="end()[pri:0, instance:com.db.testLayer.LoginTest@5876a9af]" started-at="2022-12-19T12:29:50 IST" name="end" finished-at="2022-12-19T12:29:50 IST" duration-ms="3" status="PASS">
          <reporter-output>
          </reporter-output>
        </test-method> <!-- end -->
      </class> <!-- com.db.testLayer.LoginTest -->
    </test> <!-- Default test -->
  </suite> <!-- Default suite -->
</testng-results>
